0 info it worked if it ends with ok
1 verbose cli [ '/Users/emmanuelhcpk/.nvm/versions/node/v0.12.7/bin/node',
1 verbose cli   '/Users/emmanuelhcpk/.nvm/versions/node/v0.12.7/bin/npm',
1 verbose cli   'install',
1 verbose cli   'mraa',
1 verbose cli   '--save' ]
2 info using npm@2.11.3
3 info using node@v0.12.7
4 verbose install initial load of /Users/emmanuelhcpk/node/startup_weekend_gympack/package.json
5 verbose installManyTop reading scoped package data from /Users/emmanuelhcpk/node/startup_weekend_gympack/node_modules/bcrypt/package.json
6 verbose installManyTop reading scoped package data from /Users/emmanuelhcpk/node/startup_weekend_gympack/node_modules/body-parser/package.json
7 verbose installManyTop reading scoped package data from /Users/emmanuelhcpk/node/startup_weekend_gympack/node_modules/compression/package.json
8 verbose installManyTop reading scoped package data from /Users/emmanuelhcpk/node/startup_weekend_gympack/node_modules/cookie-parser/package.json
9 verbose installManyTop reading scoped package data from /Users/emmanuelhcpk/node/startup_weekend_gympack/node_modules/cors/package.json
10 verbose installManyTop reading scoped package data from /Users/emmanuelhcpk/node/startup_weekend_gympack/node_modules/events/package.json
11 verbose installManyTop reading scoped package data from /Users/emmanuelhcpk/node/startup_weekend_gympack/node_modules/express/package.json
12 verbose installManyTop reading scoped package data from /Users/emmanuelhcpk/node/startup_weekend_gympack/node_modules/express-handlebars/package.json
13 verbose installManyTop reading scoped package data from /Users/emmanuelhcpk/node/startup_weekend_gympack/node_modules/express-jwt/package.json
14 verbose installManyTop reading scoped package data from /Users/emmanuelhcpk/node/startup_weekend_gympack/node_modules/galileo-io/package.json
15 verbose installManyTop reading scoped package data from /Users/emmanuelhcpk/node/startup_weekend_gympack/node_modules/glob/package.json
16 verbose installManyTop reading scoped package data from /Users/emmanuelhcpk/node/startup_weekend_gympack/node_modules/gulp/package.json
17 verbose installManyTop reading scoped package data from /Users/emmanuelhcpk/node/startup_weekend_gympack/node_modules/gulp-livereload/package.json
18 verbose installManyTop reading scoped package data from /Users/emmanuelhcpk/node/startup_weekend_gympack/node_modules/gulp-nodemon/package.json
19 verbose installManyTop reading scoped package data from /Users/emmanuelhcpk/node/startup_weekend_gympack/node_modules/gulp-plumber/package.json
20 verbose installManyTop reading scoped package data from /Users/emmanuelhcpk/node/startup_weekend_gympack/node_modules/johnny-five/package.json
21 verbose installManyTop reading scoped package data from /Users/emmanuelhcpk/node/startup_weekend_gympack/node_modules/jsonwebtoken/package.json
22 verbose installManyTop reading scoped package data from /Users/emmanuelhcpk/node/startup_weekend_gympack/node_modules/method-override/package.json
23 verbose installManyTop reading scoped package data from /Users/emmanuelhcpk/node/startup_weekend_gympack/node_modules/mongoose/package.json
24 verbose installManyTop reading scoped package data from /Users/emmanuelhcpk/node/startup_weekend_gympack/node_modules/morgan/package.json
25 verbose installManyTop reading scoped package data from /Users/emmanuelhcpk/node/startup_weekend_gympack/node_modules/serve-favicon/package.json
26 verbose installManyTop reading scoped package data from /Users/emmanuelhcpk/node/startup_weekend_gympack/node_modules/socket.io/package.json
27 info package.json events@1.1.0 events is also the name of a node core module.
28 info package.json socket.io@1.3.7 No license field.
29 info package.json express-jwt@3.3.0 No license field.
30 info package.json galileo-io@0.8.18 No license field.
31 verbose readDependencies loading dependencies from /Users/emmanuelhcpk/node/startup_weekend_gympack/package.json
32 silly cache add args [ 'mraa', null ]
33 verbose cache add spec mraa
34 silly cache add parsed spec { raw: 'mraa',
34 silly cache add   scope: null,
34 silly cache add   name: 'mraa',
34 silly cache add   rawSpec: '',
34 silly cache add   spec: '*',
34 silly cache add   type: 'range' }
35 silly addNamed mraa@*
36 verbose addNamed "*" is a valid semver range for mraa
37 silly addNameRange { name: 'mraa', range: '*', hasData: false }
38 silly mapToRegistry name mraa
39 silly mapToRegistry using default registry
40 silly mapToRegistry registry https://registry.npmjs.org/
41 silly mapToRegistry uri https://registry.npmjs.org/mraa
42 verbose addNameRange registry:https://registry.npmjs.org/mraa not in flight; fetching
43 verbose request uri https://registry.npmjs.org/mraa
44 verbose request no auth needed
45 info attempt registry request try #1 at 10:30:49 AM
46 verbose request id 14ce08c57cfee926
47 http request GET https://registry.npmjs.org/mraa
48 http 200 https://registry.npmjs.org/mraa
49 silly get cb [ 200,
49 silly get   { server: 'CouchDB/1.5.0 (Erlang OTP/R16B03)',
49 silly get     etag: '"A8U7CZY0M62W8UVVJADPI2K4J"',
49 silly get     'content-type': 'application/json',
49 silly get     'cache-control': 'max-age=60',
49 silly get     'content-length': '143899',
49 silly get     'accept-ranges': 'bytes',
49 silly get     date: 'Sat, 14 Nov 2015 15:30:48 GMT',
49 silly get     via: '1.1 varnish',
49 silly get     age: '0',
49 silly get     connection: 'keep-alive',
49 silly get     'x-served-by': 'cache-jfk1022-JFK',
49 silly get     'x-cache': 'MISS',
49 silly get     'x-cache-hits': '0',
49 silly get     'x-timer': 'S1447515048.474335,VS0,VE70',
49 silly get     vary: 'Accept' } ]
50 verbose get saving mraa to /Users/emmanuelhcpk/.npm/registry.npmjs.org/mraa/.cache.json
51 silly addNameRange number 2 { name: 'mraa', range: '*', hasData: true }
52 silly addNameRange versions [ 'mraa',
52 silly addNameRange   [ '0.5.2-46-gd4552fd',
52 silly addNameRange     '0.5.2-47-ga38c07f',
52 silly addNameRange     '0.5.2-48-g0ca4b10',
52 silly addNameRange     '0.5.2-49-gabd538d',
52 silly addNameRange     '0.5.2-50-g8be861a',
52 silly addNameRange     '0.5.2-51-g276b0a8',
52 silly addNameRange     '0.5.2-62-g0289c63',
52 silly addNameRange     '0.5.2-63-gd1185ef',
52 silly addNameRange     '0.5.3',
52 silly addNameRange     '0.5.3-2-g9684915',
52 silly addNameRange     '0.5.3-3-g36e24ba',
52 silly addNameRange     '0.5.3-4-g14f4567',
52 silly addNameRange     '0.5.3-5-g1b059c1',
52 silly addNameRange     '0.5.3-6-g7ad78d0',
52 silly addNameRange     '0.5.3-7-gacc3476',
52 silly addNameRange     '0.5.4',
52 silly addNameRange     '0.5.4-2-g8aa2ccc',
52 silly addNameRange     '0.5.4-1-ged1fc6c',
52 silly addNameRange     '0.5.4-2-gffdd828',
52 silly addNameRange     '0.5.4-5-g1ee0548',
52 silly addNameRange     '0.5.4-6-gcf1a864',
52 silly addNameRange     '0.5.4-14-gaff8811',
52 silly addNameRange     '0.5.4-20-g82eee9b',
52 silly addNameRange     '0.5.4-21-g71913b9',
52 silly addNameRange     '0.5.4-22-gbd16ecc',
52 silly addNameRange     '0.5.4-24-g2c5e749',
52 silly addNameRange     '0.5.4-25-g0c086d8',
52 silly addNameRange     '0.5.4-26-gda15fdb',
52 silly addNameRange     '0.5.4-27-g643bb99',
52 silly addNameRange     '0.5.4-28-g4944f42',
52 silly addNameRange     '0.5.4-29-gf277e7d',
52 silly addNameRange     '0.5.4-30-gf6a05b1',
52 silly addNameRange     '0.5.4-31-gf7256f1',
52 silly addNameRange     '0.5.4-32-g71118af',
52 silly addNameRange     '0.5.4-34-g4d8b82e',
52 silly addNameRange     '0.5.4-36-ge5835fa',
52 silly addNameRange     '0.5.4-37-g3c4742c',
52 silly addNameRange     '0.5.4-38-gd58adef',
52 silly addNameRange     '0.5.4-41-g2574efd',
52 silly addNameRange     '0.5.4-42-ge7649db',
52 silly addNameRange     '0.5.4-45-gbc05ce7',
52 silly addNameRange     '0.5.4-46-g74d172c',
52 silly addNameRange     '0.5.4-63-gec5c09f',
52 silly addNameRange     '0.5.4-64-g3efb7a0',
52 silly addNameRange     '0.5.4-65-ga76061a',
52 silly addNameRange     '0.5.4-66-g44d6ebf',
52 silly addNameRange     '0.5.4-66-g62c3264',
52 silly addNameRange     '0.5.4-71-g17ee0c9',
52 silly addNameRange     '0.5.4-76-g5af1197',
52 silly addNameRange     '0.5.4-78-g21962f4',
52 silly addNameRange     '0.5.4-79-gc3e43e5',
52 silly addNameRange     '0.5.4-80-g50ca84b',
52 silly addNameRange     '0.5.4-81-g5daad72',
52 silly addNameRange     '0.5.4-82-g66eb476',
52 silly addNameRange     '0.5.4-83-g20d2291',
52 silly addNameRange     '0.5.4-84-ged4c68e',
52 silly addNameRange     '0.5.4-85-g9cfbc87',
52 silly addNameRange     '0.5.4-86-g97d5a3e',
52 silly addNameRange     '0.5.4-88-g4e59917',
52 silly addNameRange     '0.5.4-89-gc3980c2',
52 silly addNameRange     '0.5.4-90-ge23325d',
52 silly addNameRange     '0.5.4-91-g456646c',
52 silly addNameRange     '0.5.4-92-g067487f',
52 silly addNameRange     '0.5.4-94-ge8bc227',
52 silly addNameRange     '0.5.4-95-gfb54307',
52 silly addNameRange     '0.5.4-96-g94dd44a',
52 silly addNameRange     '0.5.4-97-g212be29',
52 silly addNameRange     '0.5.4-98-gd88da13',
52 silly addNameRange     '0.5.4-100-g6c73a8a',
52 silly addNameRange     '0.5.4-101-g82bb1c5',
52 silly addNameRange     '0.5.4-102-ge68546a',
52 silly addNameRange     '0.5.4-103-g4d81fec',
52 silly addNameRange     '0.5.4-104-g019b0a5',
52 silly addNameRange     '0.5.4-105-gbaa1a0a',
52 silly addNameRange     '0.5.4-106-gdbc64fb',
52 silly addNameRange     '0.5.4-107-gcd6701d',
52 silly addNameRange     '0.5.4-108-ge7c3c17',
52 silly addNameRange     '0.5.4-109-g8ccefe9',
52 silly addNameRange     '0.5.4-110-g459ecc0',
52 silly addNameRange     '0.5.4-112-g2dc79dd',
52 silly addNameRange     '0.5.4-115-g403424e',
52 silly addNameRange     '0.5.4-118-g818e1a8',
52 silly addNameRange     '0.5.4-121-g2965665',
52 silly addNameRange     '0.5.4-126-g989566b',
52 silly addNameRange     '0.5.4-127-gcd36880',
52 silly addNameRange     '0.5.4-134-gd6891e8',
52 silly addNameRange     '0.5.4-135-gdd80730',
52 silly addNameRange     '0.5.4-137-g9d80b12',
52 silly addNameRange     '0.5.4-138-g163a40e',
52 silly addNameRange     '0.5.4-139-gefdbf4b',
52 silly addNameRange     '0.5.4-140-g797b137',
52 silly addNameRange     '0.5.4-141-ga2220e3',
52 silly addNameRange     '0.6.1',
52 silly addNameRange     '0.6.1-2-ga747c80',
52 silly addNameRange     '0.6.1-5-g3b3b940',
52 silly addNameRange     '0.6.1-6-g10f450b',
52 silly addNameRange     '0.6.1-7-g76ffa35',
52 silly addNameRange     '0.6.1-8-g2c74ba7',
52 silly addNameRange     '0.6.1-9-g677af12',
52 silly addNameRange     '0.6.1-10-gf33880c',
52 silly addNameRange     '0.6.1-11-g7375146',
52 silly addNameRange     '0.6.1-12-gf854a2b',
52 silly addNameRange     '0.6.1-14-g0dd0395',
52 silly addNameRange     '0.6.1-15-g228b7b6',
52 silly addNameRange     '0.6.1-16-gc621fad',
52 silly addNameRange     '0.6.1-17-g805d22f',
52 silly addNameRange     '0.6.1-18-g62213fa',
52 silly addNameRange     '0.6.1-21-g8b0b9f1',
52 silly addNameRange     '0.6.1-22-ge03eec3',
52 silly addNameRange     '0.6.1-31-g2174ee1',
52 silly addNameRange     '0.6.1-32-gffcf3d7',
52 silly addNameRange     '0.6.1-33-g2388fb9',
52 silly addNameRange     '0.6.1-34-g52c5376',
52 silly addNameRange     '0.6.1-36-gbe4312e',
52 silly addNameRange     '0.6.2',
52 silly addNameRange     '0.7.0',
52 silly addNameRange     '0.7.1',
52 silly addNameRange     '0.7.2',
52 silly addNameRange     '0.7.3',
52 silly addNameRange     '0.7.4',
52 silly addNameRange     '0.7.5',
52 silly addNameRange     '0.8.0',
52 silly addNameRange     '0.8.1' ] ]
53 silly addNamed mraa@0.8.1
54 verbose addNamed "0.8.1" is a plain semver version for mraa
55 silly mapToRegistry name mraa
56 silly mapToRegistry using default registry
57 silly mapToRegistry registry https://registry.npmjs.org/
58 silly mapToRegistry uri https://registry.npmjs.org/mraa
59 verbose addRemoteTarball https://registry.npmjs.org/mraa/-/mraa-0.8.1.tgz not in flight; adding
60 verbose addRemoteTarball [ 'https://registry.npmjs.org/mraa/-/mraa-0.8.1.tgz',
60 verbose addRemoteTarball   'f7bb356971542eac9f14b9a65582d41c54334981' ]
61 info retry fetch attempt 1 at 10:30:51 AM
62 info attempt registry request try #1 at 10:30:51 AM
63 http fetch GET https://registry.npmjs.org/mraa/-/mraa-0.8.1.tgz
64 http fetch 200 https://registry.npmjs.org/mraa/-/mraa-0.8.1.tgz
65 silly fetchAndShaCheck shasum f7bb356971542eac9f14b9a65582d41c54334981
66 verbose addTmpTarball /var/folders/hl/mjdthgn128v0klb4717n80_c0000gn/T/npm-10069-cf0b6c8d/registry.npmjs.org/mraa/-/mraa-0.8.1.tgz not in flight; adding
67 verbose addTmpTarball already have metadata; skipping unpack for mraa@0.8.1
68 silly cache afterAdd mraa@0.8.1
69 verbose afterAdd /Users/emmanuelhcpk/.npm/mraa/0.8.1/package/package.json not in flight; writing
70 verbose afterAdd /Users/emmanuelhcpk/.npm/mraa/0.8.1/package/package.json written
71 silly install resolved [ { name: 'mraa',
71 silly install resolved     description: 'IO library that helps you use I2c, SPI, gpio, uart, pwm, analog inputs (aio) and more on a number of platforms such as the Intel galileo, the Intel edison and others',
71 silly install resolved     keywords:
71 silly install resolved      [ 'gpio',
71 silly install resolved        'edison',
71 silly install resolved        'galileo',
71 silly install resolved        'io',
71 silly install resolved        'mraajs',
71 silly install resolved        'spi',
71 silly install resolved        'i2c',
71 silly install resolved        'minnow',
71 silly install resolved        'intel' ],
71 silly install resolved     homepage: 'http://github.com/intel-iot-devkit/mraa',
71 silly install resolved     main: './build/Release/mraa.node',
71 silly install resolved     engines: { node: '>= 0.10.x' },
71 silly install resolved     bugs: { url: 'http://github.com/intel-iot-devkit/mraa/issues' },
71 silly install resolved     license: 'MIT',
71 silly install resolved     version: '0.8.1',
71 silly install resolved     authors: 'See github.com/intel-iot-devkit/mraa/graphs/contributors',
71 silly install resolved     scripts: { install: 'node-gyp rebuild' },
71 silly install resolved     gypfile: true,
71 silly install resolved     _id: 'mraa@0.8.1',
71 silly install resolved     _shasum: 'f7bb356971542eac9f14b9a65582d41c54334981',
71 silly install resolved     _resolved: 'https://registry.npmjs.org/mraa/-/mraa-0.8.1.tgz',
71 silly install resolved     _from: 'mraa@*',
71 silly install resolved     _npmVersion: '2.10.1',
71 silly install resolved     _nodeVersion: '0.12.4',
71 silly install resolved     _npmUser: { name: 'arfoll', email: 'brendan.le.foll@intel.com' },
71 silly install resolved     maintainers: [ [Object] ],
71 silly install resolved     dist:
71 silly install resolved      { shasum: 'f7bb356971542eac9f14b9a65582d41c54334981',
71 silly install resolved        tarball: 'http://registry.npmjs.org/mraa/-/mraa-0.8.1.tgz' },
71 silly install resolved     directories: {} } ]
72 info install mraa@0.8.1 into /Users/emmanuelhcpk/node/startup_weekend_gympack
73 info installOne mraa@0.8.1
74 verbose installOne of mraa to /Users/emmanuelhcpk/node/startup_weekend_gympack not in flight; installing
75 verbose lock using /Users/emmanuelhcpk/.npm/_locks/mraa-df47c284615fb5f6.lock for /Users/emmanuelhcpk/node/startup_weekend_gympack/node_modules/mraa
76 silly install write writing mraa 0.8.1 to /Users/emmanuelhcpk/node/startup_weekend_gympack/node_modules/mraa
77 verbose unbuild node_modules/mraa
78 silly gentlyRm /Users/emmanuelhcpk/node/startup_weekend_gympack/node_modules/mraa is being purged from base /Users/emmanuelhcpk/node/startup_weekend_gympack
79 verbose gentlyRm don't care about contents; nuking /Users/emmanuelhcpk/node/startup_weekend_gympack/node_modules/mraa
80 verbose tar unpack /Users/emmanuelhcpk/.npm/mraa/0.8.1/package.tgz
81 verbose tar unpacking to /Users/emmanuelhcpk/node/startup_weekend_gympack/node_modules/mraa
82 silly gentlyRm /Users/emmanuelhcpk/node/startup_weekend_gympack/node_modules/mraa is being purged
83 verbose gentlyRm don't care about contents; nuking /Users/emmanuelhcpk/node/startup_weekend_gympack/node_modules/mraa
84 silly gunzTarPerm modes [ '755', '644' ]
85 silly gunzTarPerm extractEntry
86 silly gunzTarPerm extractEntry .clang-format
87 silly gunzTarPerm extractEntry src/
88 silly gunzTarPerm extractEntry src/version.c
89 silly gunzTarPerm extractEntry src/uart/
90 silly gunzTarPerm extractEntry src/uart/uart.c
91 silly gunzTarPerm extractEntry src/doxy2swig.py
92 silly gunzTarPerm extractEntry src/gpio/
93 silly gunzTarPerm extractEntry src/gpio/gpio.c
94 silly gunzTarPerm extractEntry src/mraa.i
95 silly gunzTarPerm extractEntry src/aio/
96 silly gunzTarPerm extractEntry src/aio/aio.c
97 silly gunzTarPerm extractEntry src/arm/
98 silly gunzTarPerm extractEntry src/arm/beaglebone.c
99 silly gunzTarPerm extractEntry src/arm/raspberry_pi.c
100 silly gunzTarPerm extractEntry src/arm/CMakeLists.txt
101 silly gunzTarPerm extractEntry src/arm/arm.c
102 silly gunzTarPerm extractEntry src/arm/banana.c
103 silly gunzTarPerm extractEntry src/i2c/
104 silly gunzTarPerm extractEntry src/i2c/LICENSE
105 silly gunzTarPerm extractEntry src/i2c/i2c.c
106 silly gunzTarPerm extractEntry src/python/
107 silly gunzTarPerm extractEntry src/python/mraa.i
108 silly gunzTarPerm extractEntry src/python/docs/
109 silly gunzTarPerm extractEntry src/python/docs/example.rst
110 silly gunzTarPerm extractEntry src/python/docs/mraa.rst
111 silly gunzTarPerm extractEntry src/python/docs/conf.py.in
112 silly gunzTarPerm extractEntry src/python/docs/index.rst
113 silly gunzTarPerm extractEntry src/python/docs/CMakeLists.txt
114 silly gunzTarPerm extractEntry src/python/CMakeLists.txt
115 silly gunzTarPerm extractEntry src/x86/
116 silly gunzTarPerm extractEntry src/x86/intel_galileo_rev_g.c
117 silly gunzTarPerm extractEntry src/x86/intel_galileo_rev_d.c
118 silly gunzTarPerm extractEntry src/x86/intel_minnow_byt_compatible.c
119 silly gunzTarPerm extractEntry src/x86/intel_de3815.c
120 silly gunzTarPerm extractEntry src/x86/CMakeLists.txt
121 silly gunzTarPerm extractEntry src/x86/intel_nuc5.c
122 silly gunzTarPerm extractEntry src/x86/intel_edison_fab_c.c
123 silly gunzTarPerm extractEntry src/x86/x86.c
124 silly gunzTarPerm extractEntry src/javascript/
125 silly gunzTarPerm extractEntry src/javascript/mraajs.i
126 silly gunzTarPerm extractEntry src/javascript/doxygen2jsdoc_custom.json
127 silly gunzTarPerm extractEntry src/javascript/CMakeLists.txt
128 silly gunzTarPerm extractEntry src/javascript/binding.gyp.cmake
129 silly gunzTarPerm extractEntry src/javascript/package.json.cmake
130 silly gunzTarPerm extractEntry src/java/
131 silly gunzTarPerm extractEntry src/java/CMakeLists.txt
132 silly gunzTarPerm extractEntry src/java/mraajava.i
133 silly gunzTarPerm extractEntry src/usb/
134 silly gunzTarPerm extractEntry src/usb/usb.c
135 silly gunzTarPerm extractEntry src/usb/ftdi_ft4222.c
136 silly gunzTarPerm extractEntry src/usb/CMakeLists.txt
137 silly gunzTarPerm extractEntry src/spi/
138 silly gunzTarPerm extractEntry src/spi/spi.c
139 silly gunzTarPerm extractEntry src/pwm/
140 silly gunzTarPerm extractEntry src/pwm/pwm.c
141 silly gunzTarPerm extractEntry src/CMakeLists.txt
142 silly gunzTarPerm extractEntry src/mraajsJAVASCRIPT_wrap.cxx
143 silly gunzTarPerm extractEntry src/mraa.c
144 silly gunzTarPerm extractEntry src/mraa.pc.cmake
145 silly gunzTarPerm extractEntry examples/
146 silly gunzTarPerm extractEntry examples/hellomraa.c
147 silly gunzTarPerm extractEntry examples/analogin_a0.c
148 silly gunzTarPerm extractEntry examples/mraa-i2c.c
149 silly gunzTarPerm extractEntry examples/blink-io.c
150 silly gunzTarPerm extractEntry examples/mmap-io2.c
151 silly gunzTarPerm extractEntry examples/samples.mapping.txt
152 silly gunzTarPerm extractEntry examples/python/
153 silly gunzTarPerm extractEntry examples/python/blink-io8.py
154 silly gunzTarPerm extractEntry examples/python/rgblcd.py
155 silly gunzTarPerm extractEntry examples/python/hello_isr.py
156 silly gunzTarPerm extractEntry examples/python/cycle-pwm3.py
157 silly gunzTarPerm extractEntry examples/python/spi.py
158 silly gunzTarPerm extractEntry examples/python/uart.py
159 silly gunzTarPerm extractEntry examples/python/aio.py
160 silly gunzTarPerm extractEntry examples/python/bmp85.py
161 silly gunzTarPerm extractEntry examples/python/hello_gpio.py
162 silly gunzTarPerm extractEntry examples/javascript/
163 silly gunzTarPerm extractEntry examples/javascript/spi.js
164 silly gunzTarPerm extractEntry examples/javascript/bmp85.js
165 silly gunzTarPerm extractEntry examples/javascript/rgblcd.js
166 silly gunzTarPerm extractEntry examples/javascript/GPIO_DigitalWrite.js
167 silly gunzTarPerm extractEntry examples/javascript/isr.js
168 silly gunzTarPerm extractEntry examples/javascript/Blink-IO.js
169 silly gunzTarPerm extractEntry examples/javascript/GPIO_DigitalRead.js
170 silly gunzTarPerm extractEntry examples/javascript/AioA0.js
171 silly gunzTarPerm extractEntry examples/javascript/uart.js
172 silly gunzTarPerm extractEntry examples/uart.c
173 silly gunzTarPerm extractEntry examples/mraa-gpio.c
174 silly gunzTarPerm extractEntry examples/java/
175 silly gunzTarPerm extractEntry examples/java/UartExample.java
176 silly gunzTarPerm extractEntry examples/java/HelloEdison.java
177 silly gunzTarPerm extractEntry examples/java/BlinkIO.java
178 silly gunzTarPerm extractEntry examples/java/I2cCompass.java
179 silly gunzTarPerm extractEntry examples/java/AioA0.java
180 silly gunzTarPerm extractEntry examples/java/Isr.java
181 silly gunzTarPerm extractEntry examples/java/SpiMAX7219.java
182 silly gunzTarPerm extractEntry examples/java/Bmp85.java
183 silly gunzTarPerm extractEntry examples/java/GpioMmapped.java
184 silly gunzTarPerm extractEntry examples/java/BlinkOnboard.java
185 silly gunzTarPerm extractEntry examples/java/SpiMCP4261.java
186 silly gunzTarPerm extractEntry examples/java/GpioRead6.java
187 silly gunzTarPerm extractEntry examples/java/CyclePwm3.java
188 silly gunzTarPerm extractEntry examples/java/Example.java
189 silly gunzTarPerm extractEntry examples/cycle-pwm3.c
190 silly gunzTarPerm extractEntry examples/gpio_read6.c
191 silly gunzTarPerm extractEntry examples/i2c_HMC5883L.c
192 silly gunzTarPerm extractEntry examples/c++/
193 silly gunzTarPerm extractEntry examples/c++/Pwm3-cycle.cpp
194 silly gunzTarPerm extractEntry examples/c++/Uart-example.cpp
195 silly gunzTarPerm extractEntry examples/c++/I2c-compass.cpp
196 silly gunzTarPerm extractEntry examples/c++/Isr-pin6.cpp
197 silly gunzTarPerm extractEntry examples/c++/Spi-pot.cpp
198 silly gunzTarPerm extractEntry examples/c++/AioA0.cpp
199 silly gunzTarPerm extractEntry examples/c++/CMakeLists.txt
200 silly gunzTarPerm extractEntry examples/c++/Blink-IO.cpp
201 silly gunzTarPerm extractEntry examples/CMakeLists.txt
202 silly gunzTarPerm extractEntry examples/blink_onboard.c
203 silly gunzTarPerm extractEntry examples/spi_max7219.c
204 silly gunzTarPerm extractEntry examples/helloedison.c
205 silly gunzTarPerm extractEntry examples/isr_pin6.c
206 silly gunzTarPerm extractEntry examples/spi_mcp4261.c
207 silly gunzTarPerm extractEntry cmake/
208 silly gunzTarPerm extractEntry cmake/Toolchains/
209 silly gunzTarPerm extractEntry cmake/Toolchains/oe-sdk_cross.cmake
210 silly gunzTarPerm extractEntry cmake/modules/
211 silly gunzTarPerm extractEntry cmake/modules/TargetArch.cmake
212 silly gunzTarPerm extractEntry cmake/modules/GetGitRevisionDescription.cmake.in
213 silly gunzTarPerm extractEntry cmake/modules/LICENSE_1_0.txt
214 silly gunzTarPerm extractEntry cmake/modules/version.c.in
215 silly gunzTarPerm extractEntry cmake/modules/CPackDeb.cmake
216 silly gunzTarPerm extractEntry cmake/modules/FindSphinx.cmake
217 silly gunzTarPerm extractEntry cmake/modules/LICENSE.LGPL
218 silly gunzTarPerm extractEntry cmake/modules/FindFtd4222.cmake
219 silly gunzTarPerm extractEntry cmake/modules/FindFtd2xx.cmake
220 silly gunzTarPerm extractEntry cmake/modules/Copyright.txt
221 silly gunzTarPerm extractEntry cmake/modules/COPYING-CMAKE-SCRIPTS
222 silly gunzTarPerm extractEntry cmake/modules/FindNodejs.cmake
223 silly gunzTarPerm extractEntry cmake/modules/GetGitRevisionDescription.cmake
224 silly gunzTarPerm extractEntry cmake/modules/FindYuidoc.cmake
225 silly gunzTarPerm extractEntry READMEFIRST
226 silly gunzTarPerm extractEntry tests/
227 silly gunzTarPerm extractEntry tests/CMakeLists.txt
228 silly gunzTarPerm extractEntry tests/general_checks.py
229 silly gunzTarPerm extractEntry tests/gpio_checks.py
230 silly gunzTarPerm extractEntry tests/platform_checks.py
231 silly gunzTarPerm extractEntry package.json
232 silly gunzTarPerm extractEntry COPYING
233 silly gunzTarPerm extractEntry binding.gyp
234 silly gunzTarPerm extractEntry doxygen2jsdoc/
235 silly gunzTarPerm extractEntry Doxyfile.java.in
236 silly gunzTarPerm extractEntry .travis.yml
237 silly gunzTarPerm extractEntry DoxygenLayout.xml
238 silly gunzTarPerm extractEntry README.md
239 silly gunzTarPerm extractEntry api/
240 silly gunzTarPerm extractEntry api/mraa/
241 silly gunzTarPerm extractEntry api/mraa/types.hpp
242 silly gunzTarPerm extractEntry api/mraa/types.h
243 silly gunzTarPerm extractEntry api/mraa/aio.hpp
244 silly gunzTarPerm extractEntry api/mraa/spi.hpp
245 silly gunzTarPerm extractEntry api/mraa/gpio.h
246 silly gunzTarPerm extractEntry api/mraa/gpio.hpp
247 silly gunzTarPerm extractEntry api/mraa/aio.h
248 silly gunzTarPerm extractEntry api/mraa/uart.hpp
249 silly gunzTarPerm extractEntry api/mraa/common.hpp
250 silly gunzTarPerm extractEntry api/mraa/i2c.h
251 silly gunzTarPerm extractEntry api/mraa/pwm.h
252 silly gunzTarPerm extractEntry api/mraa/spi.h
253 silly gunzTarPerm extractEntry api/mraa/i2c.hpp
254 silly gunzTarPerm extractEntry api/mraa/common.h
255 silly gunzTarPerm extractEntry api/mraa/uart.h
256 silly gunzTarPerm extractEntry api/mraa/pwm.hpp
257 silly gunzTarPerm extractEntry api/mraa.h
258 silly gunzTarPerm extractEntry api/mraa.hpp
259 silly gunzTarPerm extractEntry docs/
260 silly gunzTarPerm extractEntry docs/edison.md
261 silly gunzTarPerm extractEntry docs/testing.md
262 silly gunzTarPerm extractEntry docs/index.md
263 silly gunzTarPerm extractEntry docs/i2c.txt
264 silly gunzTarPerm extractEntry docs/beaglebone.md
265 silly gunzTarPerm extractEntry docs/raspberry_pi.md
266 silly gunzTarPerm extractEntry docs/galileorevd.md
267 silly gunzTarPerm extractEntry docs/internals.md
268 silly gunzTarPerm extractEntry docs/minnow_max.md
269 silly gunzTarPerm extractEntry docs/platform-hooks.md
270 silly gunzTarPerm extractEntry docs/galileorevh.md
271 silly gunzTarPerm extractEntry docs/contributing.md
272 silly gunzTarPerm extractEntry docs/intel_nuc5.md
273 silly gunzTarPerm extractEntry docs/intel_de3815.md
274 silly gunzTarPerm extractEntry docs/ftdi_ft4222.md
275 silly gunzTarPerm extractEntry docs/banana_pi.md
276 silly gunzTarPerm extractEntry docs/npm.md
277 silly gunzTarPerm extractEntry docs/index.java.md
278 silly gunzTarPerm extractEntry docs/debugging.md
279 silly gunzTarPerm extractEntry Doxyfile.in
280 silly gunzTarPerm extractEntry CMakeLists.txt
281 silly gunzTarPerm extractEntry include/
282 silly gunzTarPerm extractEntry include/arm/
283 silly gunzTarPerm extractEntry include/arm/banana.h
284 silly gunzTarPerm extractEntry include/arm/raspberry_pi.h
285 silly gunzTarPerm extractEntry include/arm/beaglebone.h
286 silly gunzTarPerm extractEntry include/linux/
287 silly gunzTarPerm extractEntry include/linux/i2c-dev.h
288 silly gunzTarPerm extractEntry include/linux/types.h
289 silly gunzTarPerm extractEntry include/linux/posix_types.h
290 silly gunzTarPerm extractEntry include/linux/README
291 silly gunzTarPerm extractEntry include/linux/compiler.h
292 silly gunzTarPerm extractEntry include/x86/
293 silly gunzTarPerm extractEntry include/x86/intel_de3815.h
294 silly gunzTarPerm extractEntry include/x86/intel_nuc5.h
295 silly gunzTarPerm extractEntry include/x86/intel_minnow_byt_compatible.h
296 silly gunzTarPerm extractEntry include/x86/intel_galileo_rev_g.h
297 silly gunzTarPerm extractEntry include/x86/intel_galileo_rev_d.h
298 silly gunzTarPerm extractEntry include/x86/intel_edison_fab_c.h
299 silly gunzTarPerm extractEntry include/usb/
300 silly gunzTarPerm extractEntry include/usb/ftdi_ft4222.h
301 silly gunzTarPerm extractEntry include/mraa_adv_func.h
302 silly gunzTarPerm extractEntry include/mraa_internal.h
303 silly gunzTarPerm extractEntry include/mraa_internal_types.h
304 silly gunzTarPerm extractEntry include/mraa_func.h
305 silly gunzTarPerm extractEntry include/version.h
306 silly gunzTarPerm extractEntry .gitmodules
307 verbose write writing to /Users/emmanuelhcpk/node/startup_weekend_gympack/node_modules/mraa/package.json
308 info preinstall mraa@0.8.1
309 verbose readDependencies loading dependencies from /Users/emmanuelhcpk/node/startup_weekend_gympack/node_modules/mraa/package.json
310 verbose readDependencies loading dependencies from /Users/emmanuelhcpk/node/startup_weekend_gympack/node_modules/mraa/package.json
311 silly install resolved []
312 verbose about to build /Users/emmanuelhcpk/node/startup_weekend_gympack/node_modules/mraa
313 info build /Users/emmanuelhcpk/node/startup_weekend_gympack/node_modules/mraa
314 info linkStuff mraa@0.8.1
315 silly linkStuff mraa@0.8.1 has /Users/emmanuelhcpk/node/startup_weekend_gympack/node_modules as its parent node_modules
316 verbose linkBins mraa@0.8.1
317 verbose linkMans mraa@0.8.1
318 verbose rebuildBundles mraa@0.8.1
319 info install mraa@0.8.1
320 verbose unsafe-perm in lifecycle true
321 info mraa@0.8.1 Failed to exec install script
322 verbose unlock done using /Users/emmanuelhcpk/.npm/_locks/mraa-df47c284615fb5f6.lock for /Users/emmanuelhcpk/node/startup_weekend_gympack/node_modules/mraa
323 verbose stack Error: mraa@0.8.1 install: `node-gyp rebuild`
323 verbose stack Exit status 1
323 verbose stack     at EventEmitter.<anonymous> (/Users/emmanuelhcpk/.nvm/versions/node/v0.12.7/lib/node_modules/npm/lib/utils/lifecycle.js:213:16)
323 verbose stack     at EventEmitter.emit (events.js:110:17)
323 verbose stack     at ChildProcess.<anonymous> (/Users/emmanuelhcpk/.nvm/versions/node/v0.12.7/lib/node_modules/npm/lib/utils/spawn.js:24:14)
323 verbose stack     at ChildProcess.emit (events.js:110:17)
323 verbose stack     at maybeClose (child_process.js:1015:16)
323 verbose stack     at Process.ChildProcess._handle.onexit (child_process.js:1087:5)
324 verbose pkgid mraa@0.8.1
325 verbose cwd /Users/emmanuelhcpk/node/startup_weekend_gympack
326 error Darwin 14.5.0
327 error argv "/Users/emmanuelhcpk/.nvm/versions/node/v0.12.7/bin/node" "/Users/emmanuelhcpk/.nvm/versions/node/v0.12.7/bin/npm" "install" "mraa" "--save"
328 error node v0.12.7
329 error npm  v2.11.3
330 error code ELIFECYCLE
331 error mraa@0.8.1 install: `node-gyp rebuild`
331 error Exit status 1
332 error Failed at the mraa@0.8.1 install script 'node-gyp rebuild'.
332 error This is most likely a problem with the mraa package,
332 error not with npm itself.
332 error Tell the author that this fails on your system:
332 error     node-gyp rebuild
332 error You can get their info via:
332 error     npm owner ls mraa
332 error There is likely additional logging output above.
333 verbose exit [ 1, true ]
334 verbose unbuild node_modules/mraa
335 info preuninstall mraa@0.8.1
336 info uninstall mraa@0.8.1
337 verbose unbuild rmStuff mraa@0.8.1 from /Users/emmanuelhcpk/node/startup_weekend_gympack/node_modules
338 info postuninstall mraa@0.8.1
339 silly gentlyRm /Users/emmanuelhcpk/node/startup_weekend_gympack/node_modules/mraa is being purged from base /Users/emmanuelhcpk/node/startup_weekend_gympack
340 verbose gentlyRm don't care about contents; nuking /Users/emmanuelhcpk/node/startup_weekend_gympack/node_modules/mraa
341 silly vacuum-fs purging /Users/emmanuelhcpk/node/startup_weekend_gympack/node_modules/mraa
342 silly vacuum-fs quitting because other entries in /Users/emmanuelhcpk/node/startup_weekend_gympack/node_modules
